<?xml version="1.0" encoding="UTF-8"?>
<!-- Generated by org.testng.reporters.JUnitReportReporter -->
<testsuite hostname="DESKTOP-0DH4AVE" failures="0" tests="1" name="Base.Test1" time="8.831" errors="0" timestamp="2024-10-17T10:05:00 IST" skipped="0">
  <testcase classname="Base.Test1" name="LoginPage" time="8.831"/>
</testsuite> <!-- Base.Test1 -->
